Daily commit: 2026-02-14 at 09:12:16
Last updated: Sat Feb 14 09:12:16 UTC 2026

Daily commit: 2026-02-15 at 01:13:31
Last updated: Sun Feb 15 01:13:31 UTC 2026

Daily commit: 2026-02-16 at 01:10:50
Last updated: Mon Feb 16 01:10:50 UTC 2026

Daily commit: 2026-02-17 at 01:09:34
Last updated: Tue Feb 17 01:09:34 UTC 2026

Daily commit: 2026-02-18 at 01:12:11
Last updated: Wed Feb 18 01:12:11 UTC 2026

Daily commit: 2026-02-19 at 01:11:18
Last updated: Thu Feb 19 01:11:18 UTC 2026

Daily commit: 2026-02-20 at 01:07:12
Last updated: Fri Feb 20 01:07:12 UTC 2026

Daily commit: 2026-02-21 at 01:05:12
Last updated: Sat Feb 21 01:05:12 UTC 2026

Daily commit: 2026-02-22 at 01:10:05
Last updated: Sun Feb 22 01:10:05 UTC 2026

Daily commit: 2026-02-23 at 01:09:43
Last updated: Mon Feb 23 01:09:43 UTC 2026

Daily commit: 2026-02-24 at 01:08:05
Last updated: Tue Feb 24 01:08:05 UTC 2026

Daily commit: 2026-02-25 at 01:14:02
Last updated: Wed Feb 25 01:14:02 UTC 2026

Daily commit: 2026-02-26 at 01:07:16
Last updated: Thu Feb 26 01:07:16 UTC 2026

Daily commit: 2026-02-27 at 01:06:24
Last updated: Fri Feb 27 01:06:24 UTC 2026

Daily commit: 2026-02-28 at 01:00:55
Last updated: Sat Feb 28 01:00:55 UTC 2026

Daily commit: 2026-03-01 at 01:16:00
Last updated: Sun Mar  1 01:16:00 UTC 2026

Daily commit: 2026-03-02 at 01:08:16
Last updated: Mon Mar  2 01:08:16 UTC 2026

Daily commit: 2026-03-02 at 05:21:49
Last updated: Mon Mar  2 05:21:49 UTC 2026

Planned auto-commits today: 5
Auto commit #1 on 2026-03-02 at 05:21:50
Auto commit #2 on 2026-03-02 at 05:21:50
Auto commit #3 on 2026-03-02 at 05:21:50
Auto commit #4 on 2026-03-02 at 05:21:50
Auto commit #5 on 2026-03-02 at 05:21:50
Daily commit: 2026-03-03 at 01:10:11
Last updated: Tue Mar  3 01:10:11 UTC 2026

Planned auto-commits today: 0
Daily commit: 2026-03-04 at 01:06:17
Last updated: Wed Mar  4 01:06:17 UTC 2026

Planned auto-commits today: 5
Auto commit #1 on 2026-03-04 at 01:06:17
Auto commit #2 on 2026-03-04 at 01:06:17
Auto commit #3 on 2026-03-04 at 01:06:17
Auto commit #4 on 2026-03-04 at 01:06:17
Auto commit #5 on 2026-03-04 at 01:06:17
Daily commit: 2026-03-05 at 01:08:49
Last updated: Thu Mar  5 01:08:49 UTC 2026

Planned auto-commits today: 1
Auto commit #1 on 2026-03-05 at 01:08:49
Daily commit: 2026-03-06 at 01:12:31
Last updated: Fri Mar  6 01:12:31 UTC 2026

Planned auto-commits today: 4
Auto commit #1 on 2026-03-06 at 01:12:31
Auto commit #2 on 2026-03-06 at 01:12:31
Auto commit #3 on 2026-03-06 at 01:12:31
Auto commit #4 on 2026-03-06 at 01:12:31
Daily commit: 2026-03-07 at 01:04:14
Last updated: Sat Mar  7 01:04:14 UTC 2026

Planned auto-commits today: 1
Auto commit #1 on 2026-03-07 at 01:04:14
Daily commit: 2026-03-08 at 01:09:18
Last updated: Sun Mar  8 01:09:18 UTC 2026

Planned auto-commits today: 0
Daily commit: 2026-03-09 at 01:09:19
Last updated: Mon Mar  9 01:09:19 UTC 2026

Planned auto-commits today: 3
Auto commit #1 on 2026-03-09 at 01:09:19
Auto commit #2 on 2026-03-09 at 01:09:19
Auto commit #3 on 2026-03-09 at 01:09:19
Daily commit: 2026-03-10 at 01:03:56
Last updated: Tue Mar 10 01:03:56 UTC 2026

Planned auto-commits today: 1
Auto commit #1 on 2026-03-10 at 01:03:56
Daily commit: 2026-03-11 at 01:04:34
Last updated: Wed Mar 11 01:04:34 UTC 2026

Planned auto-commits today: 0
Daily commit: 2026-03-12 at 01:01:42
Last updated: Thu Mar 12 01:01:42 UTC 2026

Planned auto-commits today: 4
Auto commit #1 on 2026-03-12 at 01:01:42
Auto commit #2 on 2026-03-12 at 01:01:42
Auto commit #3 on 2026-03-12 at 01:01:42
Auto commit #4 on 2026-03-12 at 01:01:42
Daily commit: 2026-03-13 at 01:07:12
Last updated: Fri Mar 13 01:07:12 UTC 2026

Planned auto-commits today: 5
Auto commit #1 on 2026-03-13 at 01:07:12
Auto commit #2 on 2026-03-13 at 01:07:12
Auto commit #3 on 2026-03-13 at 01:07:12
Auto commit #4 on 2026-03-13 at 01:07:12
Auto commit #5 on 2026-03-13 at 01:07:12
Daily commit: 2026-03-14 at 01:07:01
Last updated: Sat Mar 14 01:07:01 UTC 2026

Planned auto-commits today: 2
Auto commit #1 on 2026-03-14 at 01:07:01
Auto commit #2 on 2026-03-14 at 01:07:01
Daily commit: 2026-03-15 at 01:17:53
Last updated: Sun Mar 15 01:17:53 UTC 2026

Planned auto-commits today: 2
Auto commit #1 on 2026-03-15 at 01:17:53
Auto commit #2 on 2026-03-15 at 01:17:53
Daily commit: 2026-03-16 at 01:17:49
Last updated: Mon Mar 16 01:17:49 UTC 2026

Planned auto-commits today: 2
Auto commit #1 on 2026-03-16 at 01:17:49
Auto commit #2 on 2026-03-16 at 01:17:49
Daily commit: 2026-03-17 at 01:09:22
Last updated: Tue Mar 17 01:09:22 UTC 2026

Planned auto-commits today: 1
Auto commit #1 on 2026-03-17 at 01:09:22
Daily commit: 2026-03-18 at 01:13:45
Last updated: Wed Mar 18 01:13:45 UTC 2026

Planned auto-commits today: 0
Daily commit: 2026-03-19 at 01:13:10
Last updated: Thu Mar 19 01:13:10 UTC 2026

Planned auto-commits today: 4
Auto commit #1 on 2026-03-19 at 01:13:10
Auto commit #2 on 2026-03-19 at 01:13:10
Auto commit #3 on 2026-03-19 at 01:13:10
Auto commit #4 on 2026-03-19 at 01:13:10
Daily commit: 2026-03-20 at 01:08:59
Last updated: Fri Mar 20 01:08:59 UTC 2026

Planned auto-commits today: 3
Auto commit #1 on 2026-03-20 at 01:08:59
Auto commit #2 on 2026-03-20 at 01:08:59
Auto commit #3 on 2026-03-20 at 01:08:59
Daily commit: 2026-03-21 at 01:04:41
Last updated: Sat Mar 21 01:04:41 UTC 2026

Planned auto-commits today: 4
Auto commit #1 on 2026-03-21 at 01:04:41
Auto commit #2 on 2026-03-21 at 01:04:41
Auto commit #3 on 2026-03-21 at 01:04:41
Auto commit #4 on 2026-03-21 at 01:04:41
Daily commit: 2026-03-22 at 01:13:01
Last updated: Sun Mar 22 01:13:01 UTC 2026

Planned auto-commits today: 3
Auto commit #1 on 2026-03-22 at 01:13:01
Auto commit #2 on 2026-03-22 at 01:13:01
Auto commit #3 on 2026-03-22 at 01:13:01
Daily commit: 2026-03-23 at 01:13:43
Last updated: Mon Mar 23 01:13:43 UTC 2026

Planned auto-commits today: 2
Auto commit #1 on 2026-03-23 at 01:13:43
Auto commit #2 on 2026-03-23 at 01:13:43
Daily commit: 2026-03-24 at 01:06:40
Last updated: Tue Mar 24 01:06:40 UTC 2026

Planned auto-commits today: 2
Auto commit #1 on 2026-03-24 at 01:06:40
Auto commit #2 on 2026-03-24 at 01:06:40
Daily commit: 2026-03-25 at 01:11:49
Last updated: Wed Mar 25 01:11:49 UTC 2026

Planned auto-commits today: 5
Auto commit #1 on 2026-03-25 at 01:11:49
Auto commit #2 on 2026-03-25 at 01:11:49
Auto commit #3 on 2026-03-25 at 01:11:49
Auto commit #4 on 2026-03-25 at 01:11:49
Auto commit #5 on 2026-03-25 at 01:11:49
Daily commit: 2026-03-26 at 01:17:34
Last updated: Thu Mar 26 01:17:34 UTC 2026

Planned auto-commits today: 5
Auto commit #1 on 2026-03-26 at 01:17:34
Auto commit #2 on 2026-03-26 at 01:17:34
Auto commit #3 on 2026-03-26 at 01:17:35
Auto commit #4 on 2026-03-26 at 01:17:35
Auto commit #5 on 2026-03-26 at 01:17:35
Daily commit: 2026-03-27 at 01:16:40
Last updated: Fri Mar 27 01:16:40 UTC 2026

Planned auto-commits today: 0
Daily commit: 2026-03-28 at 01:10:56
Last updated: Sat Mar 28 01:10:56 UTC 2026

Planned auto-commits today: 0
Daily commit: 2026-03-29 at 01:20:12
Last updated: Sun Mar 29 01:20:12 UTC 2026

Planned auto-commits today: 3
Auto commit #1 on 2026-03-29 at 01:20:12
Auto commit #2 on 2026-03-29 at 01:20:12
Auto commit #3 on 2026-03-29 at 01:20:12
Daily commit: 2026-03-30 at 01:21:00
Last updated: Mon Mar 30 01:21:00 UTC 2026

Planned auto-commits today: 4
Auto commit #1 on 2026-03-30 at 01:21:00
Auto commit #2 on 2026-03-30 at 01:21:00
Auto commit #3 on 2026-03-30 at 01:21:00
Auto commit #4 on 2026-03-30 at 01:21:00
Daily commit: 2026-03-31 at 01:18:19
Last updated: Tue Mar 31 01:18:19 UTC 2026

Planned auto-commits today: 5
Auto commit #1 on 2026-03-31 at 01:18:19
Auto commit #2 on 2026-03-31 at 01:18:19
Auto commit #3 on 2026-03-31 at 01:18:19
Auto commit #4 on 2026-03-31 at 01:18:19
Auto commit #5 on 2026-03-31 at 01:18:19
Daily commit: 2026-04-01 at 01:25:04
Last updated: Wed Apr  1 01:25:04 UTC 2026

Planned auto-commits today: 3
Auto commit #1 on 2026-04-01 at 01:25:04
Auto commit #2 on 2026-04-01 at 01:25:04
Auto commit #3 on 2026-04-01 at 01:25:04
Daily commit: 2026-04-02 at 01:15:28
Last updated: Thu Apr  2 01:15:28 UTC 2026

Planned auto-commits today: 0
Daily commit: 2026-04-03 at 01:18:17
Last updated: Fri Apr  3 01:18:17 UTC 2026

Planned auto-commits today: 5
Auto commit #1 on 2026-04-03 at 01:18:17
Auto commit #2 on 2026-04-03 at 01:18:17
Auto commit #3 on 2026-04-03 at 01:18:17
Auto commit #4 on 2026-04-03 at 01:18:17
Auto commit #5 on 2026-04-03 at 01:18:17
Daily commit: 2026-04-04 at 01:12:14
Last updated: Sat Apr  4 01:12:14 UTC 2026

Planned auto-commits today: 4
Auto commit #1 on 2026-04-04 at 01:12:14
Auto commit #2 on 2026-04-04 at 01:12:14
Auto commit #3 on 2026-04-04 at 01:12:14
Auto commit #4 on 2026-04-04 at 01:12:14
Daily commit: 2026-04-05 at 01:21:01
Last updated: Sun Apr  5 01:21:01 UTC 2026

Planned auto-commits today: 5
Auto commit #1 on 2026-04-05 at 01:21:01
Auto commit #2 on 2026-04-05 at 01:21:02
Auto commit #3 on 2026-04-05 at 01:21:02
Auto commit #4 on 2026-04-05 at 01:21:02
Auto commit #5 on 2026-04-05 at 01:21:02
Daily commit: 2026-04-06 at 01:21:27
Last updated: Mon Apr  6 01:21:27 UTC 2026

Planned auto-commits today: 4
Auto commit #1 on 2026-04-06 at 01:21:27
Auto commit #2 on 2026-04-06 at 01:21:27
Auto commit #3 on 2026-04-06 at 01:21:27
Auto commit #4 on 2026-04-06 at 01:21:27
Daily commit: 2026-04-07 at 01:19:02
Last updated: Tue Apr  7 01:19:02 UTC 2026

Planned auto-commits today: 4
Auto commit #1 on 2026-04-07 at 01:19:02
Auto commit #2 on 2026-04-07 at 01:19:02
Auto commit #3 on 2026-04-07 at 01:19:02
Auto commit #4 on 2026-04-07 at 01:19:02
Daily commit: 2026-04-08 at 01:20:01
Last updated: Wed Apr  8 01:20:01 UTC 2026

Planned auto-commits today: 7
Auto commit #1 on 2026-04-08 at 01:20:01
Auto commit #2 on 2026-04-08 at 01:20:01
Auto commit #3 on 2026-04-08 at 01:20:01
Auto commit #4 on 2026-04-08 at 01:20:01
Auto commit #5 on 2026-04-08 at 01:20:01
Auto commit #6 on 2026-04-08 at 01:20:01
Auto commit #7 on 2026-04-08 at 01:20:01
Daily commit: 2026-04-09 at 01:10:22
Last updated: Thu Apr  9 01:10:22 UTC 2026

Planned auto-commits today: 4
Auto commit #1 on 2026-04-09 at 01:10:22
Auto commit #2 on 2026-04-09 at 01:10:22
Auto commit #3 on 2026-04-09 at 01:10:22
Auto commit #4 on 2026-04-09 at 01:10:22
Daily commit: 2026-04-10 at 01:21:10
Last updated: Fri Apr 10 01:21:10 UTC 2026

Planned auto-commits today: 7
Auto commit #1 on 2026-04-10 at 01:21:10
Auto commit #2 on 2026-04-10 at 01:21:10
Auto commit #3 on 2026-04-10 at 01:21:10
Auto commit #4 on 2026-04-10 at 01:21:10
Auto commit #5 on 2026-04-10 at 01:21:10
Auto commit #6 on 2026-04-10 at 01:21:10
Auto commit #7 on 2026-04-10 at 01:21:10
Daily commit: 2026-04-11 at 01:15:28
Last updated: Sat Apr 11 01:15:28 UTC 2026

Planned auto-commits today: 5
Auto commit #1 on 2026-04-11 at 01:15:28
Auto commit #2 on 2026-04-11 at 01:15:28
Auto commit #3 on 2026-04-11 at 01:15:28
Auto commit #4 on 2026-04-11 at 01:15:28
Auto commit #5 on 2026-04-11 at 01:15:28
Daily commit: 2026-04-12 at 01:24:48
Last updated: Sun Apr 12 01:24:48 UTC 2026

Planned auto-commits today: 2
Auto commit #1 on 2026-04-12 at 01:24:48
Auto commit #2 on 2026-04-12 at 01:24:48
Daily commit: 2026-04-13 at 01:27:05
Last updated: Mon Apr 13 01:27:05 UTC 2026

Planned auto-commits today: 5
Auto commit #1 on 2026-04-13 at 01:27:05
Auto commit #2 on 2026-04-13 at 01:27:05
Auto commit #3 on 2026-04-13 at 01:27:05
Auto commit #4 on 2026-04-13 at 01:27:05
Auto commit #5 on 2026-04-13 at 01:27:05
Daily commit: 2026-04-14 at 01:24:49
Last updated: Tue Apr 14 01:24:49 UTC 2026

Planned auto-commits today: 3
Auto commit #1 on 2026-04-14 at 01:24:49
Auto commit #2 on 2026-04-14 at 01:24:49
Auto commit #3 on 2026-04-14 at 01:24:49
Daily commit: 2026-04-15 at 01:21:40
Last updated: Wed Apr 15 01:21:40 UTC 2026

Planned auto-commits today: 0
Daily commit: 2026-04-16 at 01:27:16
Last updated: Thu Apr 16 01:27:16 UTC 2026

Planned auto-commits today: 6
Auto commit #1 on 2026-04-16 at 01:27:16
Auto commit #2 on 2026-04-16 at 01:27:16
Auto commit #3 on 2026-04-16 at 01:27:16
Auto commit #4 on 2026-04-16 at 01:27:16
Auto commit #5 on 2026-04-16 at 01:27:16
Auto commit #6 on 2026-04-16 at 01:27:16
Daily commit: 2026-04-17 at 01:24:43
Last updated: Fri Apr 17 01:24:43 UTC 2026

Planned auto-commits today: 1
Auto commit #1 on 2026-04-17 at 01:24:43
Daily commit: 2026-04-18 at 01:18:21
Last updated: Sat Apr 18 01:18:21 UTC 2026

Planned auto-commits today: 7
Auto commit #1 on 2026-04-18 at 01:18:21
Auto commit #2 on 2026-04-18 at 01:18:21
Auto commit #3 on 2026-04-18 at 01:18:21
Auto commit #4 on 2026-04-18 at 01:18:21
Auto commit #5 on 2026-04-18 at 01:18:21
Auto commit #6 on 2026-04-18 at 01:18:21
Auto commit #7 on 2026-04-18 at 01:18:21
Daily commit: 2026-04-19 at 01:28:06
Last updated: Sun Apr 19 01:28:06 UTC 2026

Planned auto-commits today: 3
Auto commit #1 on 2026-04-19 at 01:28:06
Auto commit #2 on 2026-04-19 at 01:28:06
Auto commit #3 on 2026-04-19 at 01:28:06
Daily commit: 2026-04-20 at 01:27:40
Last updated: Mon Apr 20 01:27:40 UTC 2026

Planned auto-commits today: 7
Auto commit #1 on 2026-04-20 at 01:27:40
Auto commit #2 on 2026-04-20 at 01:27:40
Auto commit #3 on 2026-04-20 at 01:27:40
Auto commit #4 on 2026-04-20 at 01:27:40
Auto commit #5 on 2026-04-20 at 01:27:40
Auto commit #6 on 2026-04-20 at 01:27:40
Auto commit #7 on 2026-04-20 at 01:27:40
Daily commit: 2026-04-21 at 01:24:38
Last updated: Tue Apr 21 01:24:38 UTC 2026

Planned auto-commits today: 1
Auto commit #1 on 2026-04-21 at 01:24:38
Daily commit: 2026-04-22 at 01:23:21
Last updated: Wed Apr 22 01:23:21 UTC 2026

Planned auto-commits today: 5
Auto commit #1 on 2026-04-22 at 01:23:21
Auto commit #2 on 2026-04-22 at 01:23:21
Auto commit #3 on 2026-04-22 at 01:23:21
Auto commit #4 on 2026-04-22 at 01:23:21
Auto commit #5 on 2026-04-22 at 01:23:21
Daily commit: 2026-04-23 at 01:28:20
Last updated: Thu Apr 23 01:28:20 UTC 2026

Planned auto-commits today: 7
Auto commit #1 on 2026-04-23 at 01:28:20
Auto commit #2 on 2026-04-23 at 01:28:20
Auto commit #3 on 2026-04-23 at 01:28:20
Auto commit #4 on 2026-04-23 at 01:28:20
Auto commit #5 on 2026-04-23 at 01:28:20
Auto commit #6 on 2026-04-23 at 01:28:20
Auto commit #7 on 2026-04-23 at 01:28:20
Daily commit: 2026-04-24 at 01:27:22
Last updated: Fri Apr 24 01:27:22 UTC 2026

Planned auto-commits today: 1
Auto commit #1 on 2026-04-24 at 01:27:22
Daily commit: 2026-04-25 at 01:21:00
Last updated: Sat Apr 25 01:21:00 UTC 2026

Planned auto-commits today: 7
Auto commit #1 on 2026-04-25 at 01:21:00
Auto commit #2 on 2026-04-25 at 01:21:00
Auto commit #3 on 2026-04-25 at 01:21:00
Auto commit #4 on 2026-04-25 at 01:21:00
Auto commit #5 on 2026-04-25 at 01:21:00
Auto commit #6 on 2026-04-25 at 01:21:00
Auto commit #7 on 2026-04-25 at 01:21:00
Daily commit: 2026-04-26 at 01:42:09
Last updated: Sun Apr 26 01:42:09 UTC 2026

Planned auto-commits today: 4
Auto commit #1 on 2026-04-26 at 01:42:09
Auto commit #2 on 2026-04-26 at 01:42:09
Auto commit #3 on 2026-04-26 at 01:42:09
Auto commit #4 on 2026-04-26 at 01:42:09
Daily commit: 2026-04-27 at 01:45:05
Last updated: Mon Apr 27 01:45:05 UTC 2026

Planned auto-commits today: 2
Auto commit #1 on 2026-04-27 at 01:45:05
Auto commit #2 on 2026-04-27 at 01:45:05
Daily commit: 2026-04-28 at 01:52:18
Last updated: Tue Apr 28 01:52:18 UTC 2026

Planned auto-commits today: 5
Auto commit #1 on 2026-04-28 at 01:52:18
Auto commit #2 on 2026-04-28 at 01:52:18
Auto commit #3 on 2026-04-28 at 01:52:18
Auto commit #4 on 2026-04-28 at 01:52:18
Auto commit #5 on 2026-04-28 at 01:52:18
Daily commit: 2026-04-29 at 01:55:00
Last updated: Wed Apr 29 01:55:00 UTC 2026

Planned auto-commits today: 4
Auto commit #1 on 2026-04-29 at 01:55:01
Auto commit #2 on 2026-04-29 at 01:55:01
Auto commit #3 on 2026-04-29 at 01:55:01
Auto commit #4 on 2026-04-29 at 01:55:01
Daily commit: 2026-04-30 at 01:54:03
Last updated: Thu Apr 30 01:54:03 UTC 2026

Planned auto-commits today: 5
Auto commit #1 on 2026-04-30 at 01:54:03
Auto commit #2 on 2026-04-30 at 01:54:03
Auto commit #3 on 2026-04-30 at 01:54:03
Auto commit #4 on 2026-04-30 at 01:54:03
Auto commit #5 on 2026-04-30 at 01:54:03
Daily commit: 2026-05-01 at 01:56:04
Last updated: Fri May  1 01:56:04 UTC 2026

Planned auto-commits today: 8
Auto commit #1 on 2026-05-01 at 01:56:04
Auto commit #2 on 2026-05-01 at 01:56:04
Auto commit #3 on 2026-05-01 at 01:56:04
Auto commit #4 on 2026-05-01 at 01:56:04
Auto commit #5 on 2026-05-01 at 01:56:04
Auto commit #6 on 2026-05-01 at 01:56:04
Auto commit #7 on 2026-05-01 at 01:56:04
Auto commit #8 on 2026-05-01 at 01:56:04
Daily commit: 2026-05-02 at 01:45:17
Last updated: Sat May  2 01:45:17 UTC 2026

Planned auto-commits today: 7
Auto commit #1 on 2026-05-02 at 01:45:17
Auto commit #2 on 2026-05-02 at 01:45:17
Auto commit #3 on 2026-05-02 at 01:45:17
Auto commit #4 on 2026-05-02 at 01:45:17
Auto commit #5 on 2026-05-02 at 01:45:17
Auto commit #6 on 2026-05-02 at 01:45:17
Auto commit #7 on 2026-05-02 at 01:45:17
Daily commit: 2026-05-03 at 01:48:48
Last updated: Sun May  3 01:48:48 UTC 2026

Planned auto-commits today: 2
Auto commit #1 on 2026-05-03 at 01:48:48
Auto commit #2 on 2026-05-03 at 01:48:48
Daily commit: 2026-05-04 at 01:49:18
Last updated: Mon May  4 01:49:18 UTC 2026

Planned auto-commits today: 6
Auto commit #1 on 2026-05-04 at 01:49:18
Auto commit #2 on 2026-05-04 at 01:49:18
Auto commit #3 on 2026-05-04 at 01:49:18
Auto commit #4 on 2026-05-04 at 01:49:18
Auto commit #5 on 2026-05-04 at 01:49:18
Auto commit #6 on 2026-05-04 at 01:49:18
Daily commit: 2026-05-05 at 01:49:54
Last updated: Tue May  5 01:49:54 UTC 2026

Planned auto-commits today: 5
Auto commit #1 on 2026-05-05 at 01:49:54
Auto commit #2 on 2026-05-05 at 01:49:54
Auto commit #3 on 2026-05-05 at 01:49:54
Auto commit #4 on 2026-05-05 at 01:49:54
Auto commit #5 on 2026-05-05 at 01:49:54
Daily commit: 2026-05-06 at 01:49:04
Last updated: Wed May  6 01:49:04 UTC 2026

Planned auto-commits today: 7
Auto commit #1 on 2026-05-06 at 01:49:04
Auto commit #2 on 2026-05-06 at 01:49:04
Auto commit #3 on 2026-05-06 at 01:49:04
Auto commit #4 on 2026-05-06 at 01:49:04
Auto commit #5 on 2026-05-06 at 01:49:04
Auto commit #6 on 2026-05-06 at 01:49:04
Auto commit #7 on 2026-05-06 at 01:49:04
Daily commit: 2026-05-07 at 01:52:48
Last updated: Thu May  7 01:52:48 UTC 2026

Planned auto-commits today: 1
Auto commit #1 on 2026-05-07 at 01:52:48
Daily commit: 2026-05-08 at 01:58:44
Last updated: Fri May  8 01:58:44 UTC 2026

Planned auto-commits today: 0
Daily commit: 2026-05-09 at 01:51:55
Last updated: Sat May  9 01:51:55 UTC 2026

Planned auto-commits today: 2
Auto commit #1 on 2026-05-09 at 01:51:55
Auto commit #2 on 2026-05-09 at 01:51:55
Daily commit: 2026-05-10 at 01:52:01
Last updated: Sun May 10 01:52:01 UTC 2026

Planned auto-commits today: 1
Auto commit #1 on 2026-05-10 at 01:52:01
Daily commit: 2026-05-11 at 02:00:39
Last updated: Mon May 11 02:00:39 UTC 2026

Planned auto-commits today: 2
Auto commit #1 on 2026-05-11 at 02:00:39
Auto commit #2 on 2026-05-11 at 02:00:39
Daily commit: 2026-05-12 at 01:57:46
Last updated: Tue May 12 01:57:46 UTC 2026

Planned auto-commits today: 4
Auto commit #1 on 2026-05-12 at 01:57:46
Auto commit #2 on 2026-05-12 at 01:57:46
Auto commit #3 on 2026-05-12 at 01:57:46
Auto commit #4 on 2026-05-12 at 01:57:46
Daily commit: 2026-05-13 at 02:02:02
Last updated: Wed May 13 02:02:02 UTC 2026

Planned auto-commits today: 7
Auto commit #1 on 2026-05-13 at 02:02:02
Auto commit #2 on 2026-05-13 at 02:02:02
Auto commit #3 on 2026-05-13 at 02:02:02
Auto commit #4 on 2026-05-13 at 02:02:02
Auto commit #5 on 2026-05-13 at 02:02:02
Auto commit #6 on 2026-05-13 at 02:02:02
Auto commit #7 on 2026-05-13 at 02:02:02
Daily commit: 2026-05-14 at 02:04:34
Last updated: Thu May 14 02:04:34 UTC 2026

Planned auto-commits today: 1
Auto commit #1 on 2026-05-14 at 02:04:34
Daily commit: 2026-05-15 at 02:03:24
Last updated: Fri May 15 02:03:24 UTC 2026

Planned auto-commits today: 5
Auto commit #1 on 2026-05-15 at 02:03:24
Auto commit #2 on 2026-05-15 at 02:03:24
Auto commit #3 on 2026-05-15 at 02:03:24
Auto commit #4 on 2026-05-15 at 02:03:24
Auto commit #5 on 2026-05-15 at 02:03:24
Daily commit: 2026-05-16 at 01:55:34
Last updated: Sat May 16 01:55:34 UTC 2026

Planned auto-commits today: 6
Auto commit #1 on 2026-05-16 at 01:55:34
Auto commit #2 on 2026-05-16 at 01:55:34
Auto commit #3 on 2026-05-16 at 01:55:34
Auto commit #4 on 2026-05-16 at 01:55:34
Auto commit #5 on 2026-05-16 at 01:55:34
Auto commit #6 on 2026-05-16 at 01:55:34
Daily commit: 2026-05-17 at 01:58:04
Last updated: Sun May 17 01:58:04 UTC 2026

Planned auto-commits today: 1
Auto commit #1 on 2026-05-17 at 01:58:04
Daily commit: 2026-05-18 at 02:09:54
Last updated: Mon May 18 02:09:54 UTC 2026

Planned auto-commits today: 8
Auto commit #1 on 2026-05-18 at 02:09:54
Auto commit #2 on 2026-05-18 at 02:09:54
Auto commit #3 on 2026-05-18 at 02:09:54
Auto commit #4 on 2026-05-18 at 02:09:54
Auto commit #5 on 2026-05-18 at 02:09:54
Auto commit #6 on 2026-05-18 at 02:09:54
Auto commit #7 on 2026-05-18 at 02:09:54
Auto commit #8 on 2026-05-18 at 02:09:54
Daily commit: 2026-05-19 at 02:09:04
Last updated: Tue May 19 02:09:04 UTC 2026

Planned auto-commits today: 2
Auto commit #1 on 2026-05-19 at 02:09:04
Auto commit #2 on 2026-05-19 at 02:09:04
Daily commit: 2026-05-20 at 02:07:50
Last updated: Wed May 20 02:07:50 UTC 2026

Planned auto-commits today: 0
Daily commit: 2026-05-21 at 02:07:18
Last updated: Thu May 21 02:07:18 UTC 2026

Planned auto-commits today: 1
Auto commit #1 on 2026-05-21 at 02:07:18
Daily commit: 2026-05-22 at 02:09:36
Last updated: Fri May 22 02:09:36 UTC 2026

Planned auto-commits today: 6
Auto commit #1 on 2026-05-22 at 02:09:36
Auto commit #2 on 2026-05-22 at 02:09:36
Auto commit #3 on 2026-05-22 at 02:09:36
Auto commit #4 on 2026-05-22 at 02:09:36
Auto commit #5 on 2026-05-22 at 02:09:36
Auto commit #6 on 2026-05-22 at 02:09:37
Daily commit: 2026-05-23 at 01:57:33
Last updated: Sat May 23 01:57:33 UTC 2026

Planned auto-commits today: 7
Auto commit #1 on 2026-05-23 at 01:57:33
Auto commit #2 on 2026-05-23 at 01:57:33
Auto commit #3 on 2026-05-23 at 01:57:33
Auto commit #4 on 2026-05-23 at 01:57:33
Auto commit #5 on 2026-05-23 at 01:57:33
Auto commit #6 on 2026-05-23 at 01:57:33
Auto commit #7 on 2026-05-23 at 01:57:33
Daily commit: 2026-05-24 at 02:05:42
Last updated: Sun May 24 02:05:42 UTC 2026

Planned auto-commits today: 4
Auto commit #1 on 2026-05-24 at 02:05:42
Auto commit #2 on 2026-05-24 at 02:05:42
Auto commit #3 on 2026-05-24 at 02:05:42
Auto commit #4 on 2026-05-24 at 02:05:42
Daily commit: 2026-05-25 at 02:14:15
Last updated: Mon May 25 02:14:15 UTC 2026

Planned auto-commits today: 2
Auto commit #1 on 2026-05-25 at 02:14:15
Auto commit #2 on 2026-05-25 at 02:14:15
Daily commit: 2026-05-26 at 02:04:59
Last updated: Tue May 26 02:04:59 UTC 2026

Planned auto-commits today: 4
Auto commit #1 on 2026-05-26 at 02:04:59
Auto commit #2 on 2026-05-26 at 02:04:59
Auto commit #3 on 2026-05-26 at 02:05:00
Auto commit #4 on 2026-05-26 at 02:05:00
Daily commit: 2026-05-27 at 02:12:58
Last updated: Wed May 27 02:12:58 UTC 2026

Planned auto-commits today: 3
Auto commit #1 on 2026-05-27 at 02:12:58
Auto commit #2 on 2026-05-27 at 02:12:58
Auto commit #3 on 2026-05-27 at 02:12:58
Daily commit: 2026-05-28 at 01:56:59
Last updated: Thu May 28 01:56:59 UTC 2026

Planned auto-commits today: 1
Auto commit #1 on 2026-05-28 at 01:56:59
Daily commit: 2026-05-29 at 02:03:54
Last updated: Fri May 29 02:03:54 UTC 2026

Planned auto-commits today: 4
Auto commit #1 on 2026-05-29 at 02:03:54
Auto commit #2 on 2026-05-29 at 02:03:54
Auto commit #3 on 2026-05-29 at 02:03:54
Auto commit #4 on 2026-05-29 at 02:03:54
Daily commit: 2026-05-30 at 01:58:46
Last updated: Sat May 30 01:58:46 UTC 2026

Planned auto-commits today: 4
Auto commit #1 on 2026-05-30 at 01:58:46
Auto commit #2 on 2026-05-30 at 01:58:47
Auto commit #3 on 2026-05-30 at 01:58:47
Auto commit #4 on 2026-05-30 at 01:58:47
Daily commit: 2026-05-31 at 02:14:24
Last updated: Sun May 31 02:14:24 UTC 2026

Planned auto-commits today: 8
Auto commit #1 on 2026-05-31 at 02:14:24
Auto commit #2 on 2026-05-31 at 02:14:24
Auto commit #3 on 2026-05-31 at 02:14:24
Auto commit #4 on 2026-05-31 at 02:14:24
Auto commit #5 on 2026-05-31 at 02:14:24
Auto commit #6 on 2026-05-31 at 02:14:24
Auto commit #7 on 2026-05-31 at 02:14:24
Auto commit #8 on 2026-05-31 at 02:14:24
Daily commit: 2026-06-01 at 02:36:08
Last updated: Mon Jun  1 02:36:08 UTC 2026

Planned auto-commits today: 4
Auto commit #1 on 2026-06-01 at 02:36:08
Auto commit #2 on 2026-06-01 at 02:36:08
Auto commit #3 on 2026-06-01 at 02:36:08
Auto commit #4 on 2026-06-01 at 02:36:08
Daily commit: 2026-06-02 at 02:34:27
Last updated: Tue Jun  2 02:34:27 UTC 2026

Planned auto-commits today: 2
Auto commit #1 on 2026-06-02 at 02:34:27
Auto commit #2 on 2026-06-02 at 02:34:27
Daily commit: 2026-06-03 at 02:41:26
Last updated: Wed Jun  3 02:41:26 UTC 2026

Planned auto-commits today: 4
Auto commit #1 on 2026-06-03 at 02:41:26
Auto commit #2 on 2026-06-03 at 02:41:26
Auto commit #3 on 2026-06-03 at 02:41:26
Auto commit #4 on 2026-06-03 at 02:41:26
Daily commit: 2026-06-04 at 02:36:25
Last updated: Thu Jun  4 02:36:25 UTC 2026

Planned auto-commits today: 5
Auto commit #1 on 2026-06-04 at 02:36:25
Auto commit #2 on 2026-06-04 at 02:36:25
Auto commit #3 on 2026-06-04 at 02:36:25
Auto commit #4 on 2026-06-04 at 02:36:25
Auto commit #5 on 2026-06-04 at 02:36:25
Daily commit: 2026-06-05 at 02:11:34
Last updated: Fri Jun  5 02:11:34 UTC 2026

Planned auto-commits today: 7
Auto commit #1 on 2026-06-05 at 02:11:34
Auto commit #2 on 2026-06-05 at 02:11:34
Auto commit #3 on 2026-06-05 at 02:11:34
Auto commit #4 on 2026-06-05 at 02:11:34
Auto commit #5 on 2026-06-05 at 02:11:34
Auto commit #6 on 2026-06-05 at 02:11:35
Auto commit #7 on 2026-06-05 at 02:11:35
Daily commit: 2026-06-06 at 02:03:00
Last updated: Sat Jun  6 02:03:00 UTC 2026

Planned auto-commits today: 0
Daily commit: 2026-06-07 at 02:30:07
Last updated: Sun Jun  7 02:30:07 UTC 2026

Planned auto-commits today: 8
Auto commit #1 on 2026-06-07 at 02:30:07
Auto commit #2 on 2026-06-07 at 02:30:07
Auto commit #3 on 2026-06-07 at 02:30:07
Auto commit #4 on 2026-06-07 at 02:30:07
Auto commit #5 on 2026-06-07 at 02:30:07
Auto commit #6 on 2026-06-07 at 02:30:07
Auto commit #7 on 2026-06-07 at 02:30:07
Auto commit #8 on 2026-06-07 at 02:30:07
Daily commit: 2026-06-08 at 02:34:37
Last updated: Mon Jun  8 02:34:37 UTC 2026

Planned auto-commits today: 2
Auto commit #1 on 2026-06-08 at 02:34:37
Auto commit #2 on 2026-06-08 at 02:34:37
Daily commit: 2026-06-09 at 01:59:13
Last updated: Tue Jun  9 01:59:13 UTC 2026

Planned auto-commits today: 4
Auto commit #1 on 2026-06-09 at 01:59:13
Auto commit #2 on 2026-06-09 at 01:59:13
Auto commit #3 on 2026-06-09 at 01:59:13
Auto commit #4 on 2026-06-09 at 01:59:13
Daily commit: 2026-06-10 at 02:12:01
Last updated: Wed Jun 10 02:12:01 UTC 2026

Planned auto-commits today: 8
Auto commit #1 on 2026-06-10 at 02:12:01
Auto commit #2 on 2026-06-10 at 02:12:01
Auto commit #3 on 2026-06-10 at 02:12:01
Auto commit #4 on 2026-06-10 at 02:12:01
Auto commit #5 on 2026-06-10 at 02:12:01
Auto commit #6 on 2026-06-10 at 02:12:01
Auto commit #7 on 2026-06-10 at 02:12:01
Auto commit #8 on 2026-06-10 at 02:12:01
Daily commit: 2026-06-11 at 02:34:38
Last updated: Thu Jun 11 02:34:38 UTC 2026

Planned auto-commits today: 4
Auto commit #1 on 2026-06-11 at 02:34:38
Auto commit #2 on 2026-06-11 at 02:34:38
Auto commit #3 on 2026-06-11 at 02:34:38
Auto commit #4 on 2026-06-11 at 02:34:38
Daily commit: 2026-06-12 at 02:29:37
Last updated: Fri Jun 12 02:29:37 UTC 2026

Planned auto-commits today: 4
Auto commit #1 on 2026-06-12 at 02:29:37
Auto commit #2 on 2026-06-12 at 02:29:37
Auto commit #3 on 2026-06-12 at 02:29:37
Auto commit #4 on 2026-06-12 at 02:29:37
Daily commit: 2026-06-13 at 02:10:23
Last updated: Sat Jun 13 02:10:23 UTC 2026

Planned auto-commits today: 7
Auto commit #1 on 2026-06-13 at 02:10:23
Auto commit #2 on 2026-06-13 at 02:10:23
Auto commit #3 on 2026-06-13 at 02:10:23
Auto commit #4 on 2026-06-13 at 02:10:23
Auto commit #5 on 2026-06-13 at 02:10:23
Auto commit #6 on 2026-06-13 at 02:10:23
Auto commit #7 on 2026-06-13 at 02:10:23
Daily commit: 2026-06-14 at 02:33:37
Last updated: Sun Jun 14 02:33:37 UTC 2026

Planned auto-commits today: 8
Auto commit #1 on 2026-06-14 at 02:33:37
Auto commit #2 on 2026-06-14 at 02:33:37
Auto commit #3 on 2026-06-14 at 02:33:37
Auto commit #4 on 2026-06-14 at 02:33:37
Auto commit #5 on 2026-06-14 at 02:33:37
Auto commit #6 on 2026-06-14 at 02:33:37
Auto commit #7 on 2026-06-14 at 02:33:37
Auto commit #8 on 2026-06-14 at 02:33:37
Daily commit: 2026-06-15 at 02:38:58
Last updated: Mon Jun 15 02:38:58 UTC 2026

Planned auto-commits today: 4
Auto commit #1 on 2026-06-15 at 02:38:58
Auto commit #2 on 2026-06-15 at 02:38:58
Auto commit #3 on 2026-06-15 at 02:38:58
Auto commit #4 on 2026-06-15 at 02:38:58
Daily commit: 2026-06-16 at 02:40:53
Last updated: Tue Jun 16 02:40:53 UTC 2026

Planned auto-commits today: 3
Auto commit #1 on 2026-06-16 at 02:40:53
Auto commit #2 on 2026-06-16 at 02:40:53
Auto commit #3 on 2026-06-16 at 02:40:53
Daily commit: 2026-06-17 at 02:38:05
Last updated: Wed Jun 17 02:38:05 UTC 2026

Planned auto-commits today: 1
Auto commit #1 on 2026-06-17 at 02:38:05
Daily commit: 2026-06-18 at 02:35:16
Last updated: Thu Jun 18 02:35:16 UTC 2026

Planned auto-commits today: 5
Auto commit #1 on 2026-06-18 at 02:35:16
Auto commit #2 on 2026-06-18 at 02:35:16
Auto commit #3 on 2026-06-18 at 02:35:16
Auto commit #4 on 2026-06-18 at 02:35:16
Auto commit #5 on 2026-06-18 at 02:35:16
Daily commit: 2026-06-19 at 02:51:36
Last updated: Fri Jun 19 02:51:36 UTC 2026

Planned auto-commits today: 5
Auto commit #1 on 2026-06-19 at 02:51:36
Auto commit #2 on 2026-06-19 at 02:51:36
Auto commit #3 on 2026-06-19 at 02:51:36
Auto commit #4 on 2026-06-19 at 02:51:36
Auto commit #5 on 2026-06-19 at 02:51:36
Daily commit: 2026-06-20 at 02:12:20
Last updated: Sat Jun 20 02:12:20 UTC 2026

Planned auto-commits today: 4
Auto commit #1 on 2026-06-20 at 02:12:20
Auto commit #2 on 2026-06-20 at 02:12:20
Auto commit #3 on 2026-06-20 at 02:12:20
Auto commit #4 on 2026-06-20 at 02:12:20
Daily commit: 2026-06-21 at 02:37:03
Last updated: Sun Jun 21 02:37:03 UTC 2026

Planned auto-commits today: 5
Auto commit #1 on 2026-06-21 at 02:37:03
Auto commit #2 on 2026-06-21 at 02:37:03
Auto commit #3 on 2026-06-21 at 02:37:03
Auto commit #4 on 2026-06-21 at 02:37:03
Auto commit #5 on 2026-06-21 at 02:37:03
Daily commit: 2026-06-22 at 02:40:41
Last updated: Mon Jun 22 02:40:41 UTC 2026

Planned auto-commits today: 1
Auto commit #1 on 2026-06-22 at 02:40:41
Daily commit: 2026-06-23 at 02:06:48
Last updated: Tue Jun 23 02:06:48 UTC 2026

Planned auto-commits today: 4
Auto commit #1 on 2026-06-23 at 02:06:48
Auto commit #2 on 2026-06-23 at 02:06:48
Auto commit #3 on 2026-06-23 at 02:06:48
Auto commit #4 on 2026-06-23 at 02:06:48
Daily commit: 2026-06-24 at 02:08:57
Last updated: Wed Jun 24 02:08:57 UTC 2026

Planned auto-commits today: 5
Auto commit #1 on 2026-06-24 at 02:08:57
Auto commit #2 on 2026-06-24 at 02:08:57
Auto commit #3 on 2026-06-24 at 02:08:57
Auto commit #4 on 2026-06-24 at 02:08:57
Auto commit #5 on 2026-06-24 at 02:08:57
Daily commit: 2026-06-25 at 02:08:17
Last updated: Thu Jun 25 02:08:17 UTC 2026

Planned auto-commits today: 6
Auto commit #1 on 2026-06-25 at 02:08:17
Auto commit #2 on 2026-06-25 at 02:08:17
Auto commit #3 on 2026-06-25 at 02:08:17
Auto commit #4 on 2026-06-25 at 02:08:17
Auto commit #5 on 2026-06-25 at 02:08:17
Auto commit #6 on 2026-06-25 at 02:08:17
Daily commit: 2026-06-26 at 02:10:16
Last updated: Fri Jun 26 02:10:16 UTC 2026

Planned auto-commits today: 3
Auto commit #1 on 2026-06-26 at 02:10:16
Auto commit #2 on 2026-06-26 at 02:10:17
Auto commit #3 on 2026-06-26 at 02:10:17
Daily commit: 2026-06-27 at 02:05:13
Last updated: Sat Jun 27 02:05:13 UTC 2026

Planned auto-commits today: 3
Auto commit #1 on 2026-06-27 at 02:05:13
Auto commit #2 on 2026-06-27 at 02:05:13
Auto commit #3 on 2026-06-27 at 02:05:13
Daily commit: 2026-06-28 at 02:27:02
Last updated: Sun Jun 28 02:27:02 UTC 2026

Planned auto-commits today: 7
Auto commit #1 on 2026-06-28 at 02:27:03
Auto commit #2 on 2026-06-28 at 02:27:03
Auto commit #3 on 2026-06-28 at 02:27:03
Auto commit #4 on 2026-06-28 at 02:27:03
Auto commit #5 on 2026-06-28 at 02:27:03
Auto commit #6 on 2026-06-28 at 02:27:03
Auto commit #7 on 2026-06-28 at 02:27:04
Daily commit: 2026-06-29 at 02:27:32
Last updated: Mon Jun 29 02:27:32 UTC 2026

Planned auto-commits today: 6
Auto commit #1 on 2026-06-29 at 02:27:33
Auto commit #2 on 2026-06-29 at 02:27:33
Auto commit #3 on 2026-06-29 at 02:27:33
Auto commit #4 on 2026-06-29 at 02:27:33
Auto commit #5 on 2026-06-29 at 02:27:33
Auto commit #6 on 2026-06-29 at 02:27:33
Daily commit: 2026-06-30 at 02:10:28
Last updated: Tue Jun 30 02:10:28 UTC 2026

Planned auto-commits today: 6
Auto commit #1 on 2026-06-30 at 02:10:28
Auto commit #2 on 2026-06-30 at 02:10:28
Auto commit #3 on 2026-06-30 at 02:10:28
Auto commit #4 on 2026-06-30 at 02:10:28
Auto commit #5 on 2026-06-30 at 02:10:28
Auto commit #6 on 2026-06-30 at 02:10:28
Daily commit: 2026-07-01 at 02:14:47
Last updated: Wed Jul  1 02:14:47 UTC 2026

Planned auto-commits today: 2
Auto commit #1 on 2026-07-01 at 02:14:47
Auto commit #2 on 2026-07-01 at 02:14:47
Daily commit: 2026-07-02 at 02:07:08
Last updated: Thu Jul  2 02:07:08 UTC 2026

Planned auto-commits today: 1
Auto commit #1 on 2026-07-02 at 02:07:08
Daily commit: 2026-07-03 at 01:51:15
Last updated: Fri Jul  3 01:51:15 UTC 2026

Planned auto-commits today: 8
Auto commit #1 on 2026-07-03 at 01:51:15
Auto commit #2 on 2026-07-03 at 01:51:15
Auto commit #3 on 2026-07-03 at 01:51:15
Auto commit #4 on 2026-07-03 at 01:51:15
Auto commit #5 on 2026-07-03 at 01:51:15
Auto commit #6 on 2026-07-03 at 01:51:15
Auto commit #7 on 2026-07-03 at 01:51:15
Auto commit #8 on 2026-07-03 at 01:51:15
Daily commit: 2026-07-04 at 01:50:57
Last updated: Sat Jul  4 01:50:57 UTC 2026

Planned auto-commits today: 5
Auto commit #1 on 2026-07-04 at 01:50:57
Auto commit #2 on 2026-07-04 at 01:50:57
Auto commit #3 on 2026-07-04 at 01:50:57
Auto commit #4 on 2026-07-04 at 01:50:57
Auto commit #5 on 2026-07-04 at 01:50:57
Daily commit: 2026-07-05 at 01:57:28
Last updated: Sun Jul  5 01:57:28 UTC 2026

Planned auto-commits today: 0
Daily commit: 2026-07-06 at 02:03:55
Last updated: Mon Jul  6 02:03:55 UTC 2026

Planned auto-commits today: 4
Auto commit #1 on 2026-07-06 at 02:03:55
Auto commit #2 on 2026-07-06 at 02:03:55
Auto commit #3 on 2026-07-06 at 02:03:55
Auto commit #4 on 2026-07-06 at 02:03:55
Daily commit: 2026-07-07 at 01:59:13
Last updated: Tue Jul  7 01:59:13 UTC 2026

Planned auto-commits today: 4
Auto commit #1 on 2026-07-07 at 01:59:13
Auto commit #2 on 2026-07-07 at 01:59:13
